{
  "RSpec": {
    "coverage": {
      "/Users/Hedy/3module/pharm2doctor/app/helpers/application_helper.rb": [
        1,
        null
      ],
      "/Users/Hedy/3module/pharm2doctor/app/helpers/states_helper.rb": [
        1,
        null,
        1,
        null,
        0,
        null,
        null,
        null,
        null,
        null,
        null,
        null,
        null,
        null,
        null,
        null,
        null,
        null,
        null,
        null,
        null,
        null,
        null,
        null,
        null,
        null,
        null,
        null,
        null,
        null,
        null,
        null,
        null,
        null,
        null,
        null,
        null,
        null,
        null,
        null,
        null,
        null,
        null,
        null,
        null,
        null,
        null,
        null,
        null,
        null,
        null,
        null,
        null,
        null,
        null,
        null,
        null,
        null,
        null
      ],
      "/Users/Hedy/3module/pharm2doctor/app/models/doctor.rb": [
        1,
        1,
        null,
        null,
        null,
        null,
        null,
        null,
        null,
        null,
        null,
        null,
        null,
        1,
        0,
        0,
        0,
        0,
        0,
        0,
        0,
        0,
        0,
        0,
        0,
        null,
        null,
        1,
        1,
        null,
        null,
        1,
        1,
        null,
        null
      ],
      "/Users/Hedy/3module/pharm2doctor/app/controllers/welcome_controller.rb": [
        1,
        1,
        null,
        null,
        null
      ],
      "/Users/Hedy/3module/pharm2doctor/app/controllers/application_controller.rb": [
        1,
        null,
        null,
        1,
        1,
        null,
        1,
        4,
        null,
        null
      ],
      "/Users/Hedy/3module/pharm2doctor/app/controllers/sessions_controller.rb": [
        1,
        1,
        1,
        1,
        null,
        1,
        null,
        null,
        1,
        0,
        0,
        0,
        null,
        null
      ],
      "/Users/Hedy/3module/pharm2doctor/app/models/user.rb": [
        1,
        1,
        1,
        1,
        1,
        1,
        1,
        1,
        null,
        null,
        null
      ],
      "/Users/Hedy/3module/pharm2doctor/app/services/socrata_service.rb": [
        1,
        null,
        1,
        3,
        3,
        null,
        null,
        1,
        3,
        null,
        null,
        1,
        null,
        1,
        6,
        null,
        null,
        1,
        2,
        null,
        null,
        null
      ],
      "/Users/Hedy/3module/pharm2doctor/app/controllers/doctors_controller.rb": [
        0,
        0,
        0,
        0
      ]
    },
    "timestamp": 1465428924
  }
}
